
> ke-wedding-website@1.0.0 dev
> node "./node_modules/next/dist/bin/next" dev --hostname 127.0.0.1 --port 3000

▲ Next.js 16.1.6 (Turbopack)
- Local:         http://127.0.0.1:3000
- Network:       http://127.0.0.1:3000
- Environments: .env.local

✓ Starting...
✓ Ready in 1577ms
 GET /rsvp 200 in 862ms (compile: 521ms, render: 341ms)
 GET /api/wedding-image?name=logo.png 200 in 260ms (compile: 221ms, render: 39ms)
 GET /api/wedding-image?name=logo.png&v=1772389159594.0342 200 in 28ms (compile: 8ms, render: 20ms)
 GET /rsvp 200 in 78ms (compile: 5ms, render: 73ms)
 GET /api/wedding-image?name=logo.png 200 in 16ms (compile: 5ms, render: 12ms)
 GET /api/wedding-image?name=logo.png&v=1772389159594.0342 200 in 14ms (compile: 4ms, render: 10ms)
 GET / 200 in 66ms (compile: 37ms, render: 29ms)
 GET /api/wedding-image?name=Asset+5.png&v=1772388877194.9731 200 in 28ms (compile: 12ms, render: 16ms)
 GET /api/wedding-image?name=Skyline+church.jpg&v=1772389924431.0286 200 in 31ms (compile: 18ms, render: 13ms)
 GET /api/wedding-image?name=couple+picture.jpg&v=1772388681292.4543 200 in 46ms (compile: 5ms, render: 41ms)
 GET / 200 in 93ms (compile: 6ms, render: 88ms)
 GET /photos 200 in 90ms (compile: 58ms, render: 32ms)
 GET /api/wedding-image?name=En+pic+1.jpg&v=1772200491261.471 200 in 33ms (compile: 3ms, render: 30ms)
 GET /api/wedding-image?name=En+pic+2.jpg&v=1772200495122.1804 200 in 34ms (compile: 4ms, render: 30ms)
 GET /api/wedding-image?name=En+pic+3.jpg&v=1772200491993.6292 200 in 24ms (compile: 3ms, render: 21ms)
 GET /api/wedding-image?name=En+pic+4.jpg&v=1772200491312.6526 200 in 78ms (compile: 10ms, render: 68ms)
 GET /api/wedding-image?name=En+pic+5.jpg&v=1772200496249.2603 200 in 87ms (compile: 16ms, render: 71ms)
 GET /api/wedding-image?name=En+pic+7.jpg&v=1772201115507.059 200 in 106ms (compile: 29ms, render: 78ms)
 GET /api/wedding-image?name=En+pic+6.jpg&v=1772200496146.6074 200 in 131ms (compile: 23ms, render: 108ms)
 GET /meet-the-couple 200 in 79ms (compile: 53ms, render: 26ms)
 GET /wedding-party 200 in 92ms (compile: 55ms, render: 37ms)
 GET /qa 200 in 88ms (compile: 60ms, render: 27ms)
 GET /rsvp 200 in 34ms (compile: 6ms, render: 27ms)
✓ Compiled in 1497ms
✓ Compiled in 378ms
 GET /rsvp 200 in 176ms (compile: 118ms, render: 57ms)
 GET /rsvp 200 in 182ms (compile: 5ms, render: 177ms)
 GET /api/wedding-image?name=logo.png 200 in 30ms (compile: 4ms, render: 26ms)
 GET /api/wedding-image?name=logo.png&v=1772389159594.0342 200 in 22ms (compile: 5ms, render: 17ms)
 GET / 200 in 217ms (compile: 87ms, render: 130ms)
 GET / 200 in 74ms (compile: 4ms, render: 70ms)
 GET /rsvp 200 in 64ms (compile: 4ms, render: 60ms)
 GET /api/wedding-image?name=logo.png 200 in 15ms (compile: 3ms, render: 13ms)
 GET /api/wedding-image?name=logo.png&v=1772389159594.0342 200 in 13ms (compile: 4ms, render: 9ms)
 GET / 200 in 28ms (compile: 4ms, render: 24ms)
 GET /api/wedding-image?name=Asset+5.png&v=1772388877194.9731 200 in 31ms (compile: 11ms, render: 20ms)
 GET /api/wedding-image?name=Skyline+church.jpg&v=1772389924431.0286 200 in 32ms (compile: 15ms, render: 17ms)
 GET /api/wedding-image?name=couple+picture.jpg&v=1772388681292.4543 200 in 75ms (compile: 5ms, render: 70ms)
 GET /photos 200 in 152ms (compile: 104ms, render: 48ms)
 GET /api/wedding-image?name=En+pic+1.jpg&v=1772200491261.471 200 in 33ms (compile: 4ms, render: 29ms)
 GET /api/wedding-image?name=En+pic+7.jpg&v=1772201115507.059 200 in 25ms (compile: 3ms, render: 22ms)
 GET /api/wedding-image?name=En+pic+2.jpg&v=1772200495122.1804 200 in 30ms (compile: 3ms, render: 27ms)
 GET /api/wedding-image?name=En+pic+3.jpg&v=1772200491993.6292 200 in 64ms (compile: 5ms, render: 59ms)
 GET /api/wedding-image?name=En+pic+4.jpg&v=1772200491312.6526 200 in 90ms (compile: 10ms, render: 79ms)
 GET /api/wedding-image?name=En+pic+5.jpg&v=1772200496249.2603 200 in 102ms (compile: 16ms, render: 86ms)
 GET /api/wedding-image?name=En+pic+6.jpg&v=1772200496146.6074 200 in 126ms (compile: 23ms, render: 102ms)
 GET /meet-the-couple 200 in 182ms (compile: 128ms, render: 54ms)
 GET /wedding-party 200 in 143ms (compile: 101ms, render: 42ms)
✓ Compiled in 65ms
 GET /wedding-party 200 in 226ms (compile: 98ms, render: 127ms)
 GET /wedding-party 200 in 229ms (compile: 4ms, render: 225ms)
 GET /wedding-party 200 in 177ms (compile: 3ms, render: 173ms)
 GET /wedding-party 200 in 140ms (compile: 3ms, render: 137ms)
 GET /wedding-party 200 in 101ms (compile: 4ms, render: 97ms)
 GET /wedding-party 200 in 62ms (compile: 5ms, render: 58ms)
 GET / 200 in 231ms (compile: 91ms, render: 141ms)
 GET /wedding-party 200 in 107ms (compile: 3ms, render: 104ms)
 GET /api/wedding-image?name=logo.png 200 in 10ms (compile: 2ms, render: 8ms)
 GET /api/wedding-image?name=logo.png&v=1772389159594.0342 200 in 9ms (compile: 3ms, render: 7ms)
 GET /wedding-party 200 in 77ms (compile: 4ms, render: 73ms)
 GET /api/wedding-image?name=logo.png 200 in 18ms (compile: 3ms, render: 15ms)
 GET /api/wedding-image?name=logo.png&v=1772389159594.0342 200 in 15ms (compile: 3ms, render: 12ms)
 GET / 200 in 24ms (compile: 3ms, render: 21ms)
 GET /api/wedding-image?name=Asset+5.png&v=1772388877194.9731 200 in 25ms (compile: 9ms, render: 16ms)
 GET /api/wedding-image?name=Skyline+church.jpg&v=1772389924431.0286 200 in 29ms (compile: 14ms, render: 15ms)
 GET /api/wedding-image?name=couple+picture.jpg&v=1772388681292.4543 200 in 50ms (compile: 4ms, render: 46ms)
 GET / 200 in 55ms (compile: 3ms, render: 52ms)
 GET /api/wedding-image?name=logo.png 200 in 26ms (compile: 4ms, render: 21ms)
 GET /api/wedding-image?name=Asset+5.png&v=1772388877194.9731 200 in 26ms (compile: 15ms, render: 12ms)
 GET /api/wedding-image?name=logo.png&v=1772389159594.0342 200 in 20ms (compile: 5ms, render: 15ms)
 GET /api/wedding-image?name=Skyline+church.jpg&v=1772389924431.0286 200 in 22ms (compile: 10ms, render: 12ms)
 GET /api/wedding-image?name=couple+picture.jpg&v=1772388681292.4543 200 in 71ms (compile: 10ms, render: 61ms)
 GET /photos 200 in 134ms (compile: 92ms, render: 42ms)
 GET /api/wedding-image?name=En+pic+1.jpg&v=1772200491261.471 200 in 24ms (compile: 3ms, render: 22ms)
 GET /api/wedding-image?name=En+pic+7.jpg&v=1772201115507.059 200 in 32ms (compile: 3ms, render: 29ms)
 GET /api/wedding-image?name=En+pic+2.jpg&v=1772200495122.1804 200 in 25ms (compile: 3ms, render: 22ms)
 GET /api/wedding-image?name=En+pic+3.jpg&v=1772200491993.6292 200 in 38ms (compile: 5ms, render: 33ms)
 GET /api/wedding-image?name=En+pic+4.jpg&v=1772200491312.6526 200 in 51ms (compile: 9ms, render: 42ms)
 GET /api/wedding-image?name=En+pic+5.jpg&v=1772200496249.2603 200 in 73ms (compile: 13ms, render: 60ms)
 GET /api/wedding-image?name=En+pic+6.jpg&v=1772200496146.6074 200 in 111ms (compile: 17ms, render: 94ms)
 GET /rsvp 200 in 162ms (compile: 103ms, render: 59ms)
 GET / 200 in 32ms (compile: 4ms, render: 28ms)
 GET /api/wedding-image?name=Asset+5.png&v=1772388877194.9731 200 in 23ms (compile: 10ms, render: 13ms)
 GET /api/wedding-image?name=Skyline+church.jpg&v=1772389924431.0286 200 in 25ms (compile: 15ms, render: 10ms)
 GET /api/wedding-image?name=couple+picture.jpg&v=1772388681292.4543 200 in 38ms (compile: 4ms, render: 34ms)
✓ Compiled in 47ms
 GET / 200 in 156ms (compile: 98ms, render: 58ms)
 GET / 200 in 47ms (compile: 4ms, render: 42ms)
 GET / 200 in 91ms (compile: 5ms, render: 86ms)
 GET / 200 in 64ms (compile: 5ms, render: 59ms)
 GET / 200 in 75ms (compile: 4ms, render: 71ms)
 GET / 200 in 44ms (compile: 4ms, render: 39ms)
 GET /photos 200 in 177ms (compile: 115ms, render: 61ms)
 GET /api/wedding-image?name=En+pic+3.jpg&v=1772200491993.6292 200 in 53ms (compile: 19ms, render: 33ms)
 GET /api/wedding-image?name=En+pic+4.jpg&v=1772200491312.6526 200 in 63ms (compile: 25ms, render: 38ms)
 GET /api/wedding-image?name=En+pic+1.jpg&v=1772200491261.471 200 in 78ms (compile: 7ms, render: 71ms)
 GET /api/wedding-image?name=En+pic+2.jpg&v=1772200495122.1804 200 in 92ms (compile: 14ms, render: 78ms)
 GET /api/wedding-image?name=En+pic+5.jpg&v=1772200496249.2603 200 in 35ms (compile: 4ms, render: 31ms)
 GET /api/wedding-image?name=En+pic+7.jpg&v=1772201115507.059 200 in 29ms (compile: 8ms, render: 21ms)
 GET /api/wedding-image?name=En+pic+6.jpg&v=1772200496146.6074 200 in 44ms (compile: 3ms, render: 41ms)
 GET /rsvp 200 in 148ms (compile: 104ms, render: 44ms)
 GET / 200 in 23ms (compile: 3ms, render: 20ms)
 GET /api/wedding-image?name=couple+picture.jpg&v=1772388681292.4543 200 in 27ms (compile: 3ms, render: 24ms)
 GET /api/wedding-image?name=Asset+5.png&v=1772388877194.9731 200 in 9ms (compile: 3ms, render: 6ms)
 GET /api/wedding-image?name=Skyline+church.jpg&v=1772389924431.0286 200 in 9ms (compile: 3ms, render: 6ms)
 GET /photos 200 in 42ms (compile: 6ms, render: 36ms)
 GET /api/wedding-image?name=En+pic+3.jpg&v=1772200491993.6292 200 in 48ms (compile: 20ms, render: 28ms)
 GET /api/wedding-image?name=En+pic+1.jpg&v=1772200491261.471 200 in 65ms (compile: 6ms, render: 59ms)
 GET /api/wedding-image?name=En+pic+2.jpg&v=1772200495122.1804 200 in 137ms (compile: 14ms, render: 123ms)
 GET /api/wedding-image?name=En+pic+4.jpg&v=1772200491312.6526 200 in 77ms (compile: 7ms, render: 70ms)
 GET /api/wedding-image?name=En+pic+5.jpg&v=1772200496249.2603 200 in 92ms (compile: 5ms, render: 87ms)
 GET /api/wedding-image?name=En+pic+7.jpg&v=1772201115507.059 200 in 42ms (compile: 9ms, render: 33ms)
 GET /api/wedding-image?name=En+pic+6.jpg&v=1772200496146.6074 200 in 66ms (compile: 4ms, render: 62ms)
 GET / 200 in 35ms (compile: 4ms, render: 31ms)
 GET /api/wedding-image?name=couple+picture.jpg&v=1772388681292.4543 200 in 20ms (compile: 3ms, render: 16ms)
 GET /api/wedding-image?name=Asset+5.png&v=1772388877194.9731 200 in 9ms (compile: 2ms, render: 7ms)
 GET /api/wedding-image?name=Skyline+church.jpg&v=1772389924431.0286 200 in 11ms (compile: 3ms, render: 8ms)
 GET / 200 in 459ms (compile: 74ms, render: 385ms)
 GET /api/wedding-image?name=logo.png 200 in 36ms (compile: 7ms, render: 29ms)
 GET /api/wedding-image?name=couple+picture.jpg&v=1772388681292.4543 200 in 57ms (compile: 5ms, render: 52ms)
 GET /api/wedding-image?name=Asset+5.png 404 in 24ms (compile: 4ms, render: 20ms)
 GET /api/wedding-image?name=logo.png&v=1772389159594.0342 200 in 30ms (compile: 11ms, render: 19ms)
 GET /api/wedding-image?name=Skyline+church.jpg&v=1772389924431.0286 200 in 16ms (compile: 7ms, render: 9ms)
 GET / 200 in 308ms (compile: 236ms, render: 72ms)
 GET /api/wedding-image?name=name+pic.png&v=1772624863949.0823 200 in 16ms (compile: 9ms, render: 8ms)
 GET / 200 in 54ms (compile: 4ms, render: 50ms)
 GET / 200 in 164ms (compile: 4ms, render: 160ms)
 GET / 200 in 90ms (compile: 10ms, render: 80ms)
 GET / 200 in 91ms (compile: 4ms, render: 86ms)
 GET / 200 in 53ms (compile: 7ms, render: 46ms)
 GET / 200 in 118ms (compile: 4ms, render: 114ms)
✓ Compiled in 178ms
 GET / 200 in 168ms (compile: 117ms, render: 51ms)
 GET / 200 in 103ms (compile: 3ms, render: 99ms)
 GET / 200 in 67ms (compile: 4ms, render: 63ms)
 GET /api/wedding-image?name=logo.png 200 in 14ms (compile: 3ms, render: 11ms)
 GET /api/wedding-image?name=couple+picture.jpg&v=1772388681292.4543 200 in 33ms (compile: 3ms, render: 30ms)
 GET /api/wedding-image?name=name+pic.png&v=1772624863949.0823 200 in 10ms (compile: 4ms, render: 6ms)
 GET /api/wedding-image?name=logo.png&v=1772389159594.0342 200 in 10ms (compile: 3ms, render: 8ms)
 GET /api/wedding-image?name=Skyline+church.jpg&v=1772389924431.0286 200 in 15ms (compile: 4ms, render: 10ms)
 GET /photos 200 in 172ms (compile: 122ms, render: 50ms)
 GET /api/wedding-image?name=En+pic+1.jpg&v=1772200491261.471 200 in 27ms (compile: 3ms, render: 24ms)
 GET /api/wedding-image?name=En+pic+2.jpg&v=1772200495122.1804 200 in 40ms (compile: 5ms, render: 35ms)
 GET /api/wedding-image?name=En+pic+7.jpg&v=1772201115507.059 200 in 33ms (compile: 5ms, render: 29ms)
 GET /api/wedding-image?name=En+pic+3.jpg&v=1772200491993.6292 200 in 109ms (compile: 8ms, render: 102ms)
 GET /api/wedding-image?name=En+pic+5.jpg&v=1772200496249.2603 200 in 134ms (compile: 34ms, render: 100ms)
 GET /api/wedding-image?name=En+pic+4.jpg&v=1772200491312.6526 200 in 148ms (compile: 27ms, render: 121ms)
 GET /api/wedding-image?name=En+pic+6.jpg&v=1772200496146.6074 200 in 161ms (compile: 40ms, render: 121ms)
✓ Compiled in 53ms
 GET /photos 200 in 50ms (compile: 4ms, render: 46ms)
 GET /wedding-party 200 in 200ms (compile: 142ms, render: 59ms)
 GET /qa 200 in 251ms (compile: 215ms, render: 36ms)
 GET / 200 in 123ms (compile: 87ms, render: 36ms)
 GET /api/wedding-image?name=name+pic.png&v=1772624863949.0823 200 in 10ms (compile: 3ms, render: 7ms)
 GET /api/wedding-image?name=Skyline+church.jpg&v=1772389924431.0286 200 in 10ms (compile: 2ms, render: 7ms)
 GET /api/wedding-image?name=couple+picture.jpg&v=1772388681292.4543 200 in 40ms (compile: 4ms, render: 36ms)
✓ Compiled in 72ms
 GET / 200 in 172ms (compile: 113ms, render: 59ms)
 GET / 200 in 155ms (compile: 104ms, render: 51ms)
✓ Compiled in 404ms
 GET / 200 in 2.8s (compile: 1229ms, render: 1574ms)
 GET / 200 in 233ms (compile: 6ms, render: 227ms)
  Reload env: .env.local
 GET / 200 in 127ms (compile: 77ms, render: 50ms)
  Reload env: .env.local
 GET / 200 in 139ms (compile: 76ms, render: 63ms)
 GET / 200 in 100ms (compile: 59ms, render: 41ms)
✓ Compiled in 206ms
 GET / 200 in 165ms (compile: 112ms, render: 53ms)
 GET / 200 in 177ms (compile: 4ms, render: 173ms)
 GET / 200 in 204ms (compile: 14ms, render: 191ms)
  Reload env: .env.local
 GET / 200 in 838ms (compile: 571ms, render: 268ms)
 GET / 200 in 1044ms (compile: 166ms, render: 877ms)
 GET /api/wedding-image?name=logo.png 200 in 156ms (compile: 126ms, render: 30ms)
 GET /api/wedding-image?name=couple+picture.jpg&v=1772388681292.4543 200 in 31ms (compile: 4ms, render: 27ms)
 GET /api/wedding-image?name=name+pic.png&v=1772624863949.0823 200 in 32ms (compile: 24ms, render: 9ms)
 GET /api/wedding-image?name=logo.png&v=1772389159594.0342 200 in 12ms (compile: 3ms, render: 9ms)
 GET /api/wedding-image?name=Skyline+church.jpg&v=1772389924431.0286 200 in 15ms (compile: 7ms, render: 9ms)
  Reload env: .env.local
 GET / 200 in 498ms (compile: 355ms, render: 143ms)
 GET / 200 in 452ms (compile: 17ms, render: 435ms)
 GET /api/wedding-image?name=logo.png 200 in 153ms (compile: 80ms, render: 73ms)
 GET /api/wedding-image?name=name+pic.png&v=1772624863949.0823 200 in 17ms (compile: 5ms, render: 12ms)
 GET /api/wedding-image?name=logo.png&v=1772389159594.0342 200 in 19ms (compile: 5ms, render: 14ms)
 GET /api/wedding-image?name=couple+picture.jpg&v=1772388681292.4543 200 in 68ms (compile: 5ms, render: 63ms)
 GET /api/wedding-image?name=Skyline+church.jpg&v=1772389924431.0286 200 in 22ms (compile: 9ms, render: 13ms)
✓ Compiled in 342ms
 GET / 200 in 244ms (compile: 165ms, render: 79ms)
 GET / 200 in 128ms (compile: 4ms, render: 124ms)
 GET / 200 in 65ms (compile: 4ms, render: 61ms)
 GET /api/wedding-image?name=logo.png 200 in 12ms (compile: 3ms, render: 9ms)
 GET /api/wedding-image?name=couple+picture.jpg&v=1772388681292.4543 200 in 24ms (compile: 3ms, render: 21ms)
 GET /api/wedding-image?name=name+pic.png&v=1772624863949.0823 200 in 22ms (compile: 3ms, render: 19ms)
 GET /api/wedding-image?name=logo.png&v=1772389159594.0342 200 in 17ms (compile: 3ms, render: 14ms)
 GET /api/wedding-image?name=Skyline+church.jpg&v=1772389924431.0286 200 in 15ms (compile: 4ms, render: 11ms)
✓ Compiled in 59ms
 GET / 200 in 195ms (compile: 132ms, render: 62ms)
 GET / 200 in 171ms (compile: 5ms, render: 166ms)
 GET /api/wedding-image?name=logo.png 200 in 16ms (compile: 4ms, render: 12ms)
 GET /api/wedding-image?name=name+pic.png&v=1772624863949.0823 200 in 22ms (compile: 5ms, render: 17ms)
 GET /api/wedding-image?name=couple+picture.jpg&v=1772388681292.4543 200 in 62ms (compile: 3ms, render: 59ms)
 GET /api/wedding-image?name=logo.png&v=1772389159594.0342 200 in 29ms (compile: 4ms, render: 25ms)
 GET /api/wedding-image?name=Skyline+church.jpg&v=1772389924431.0286 200 in 16ms (compile: 5ms, render: 10ms)
✓ Compiled in 59ms
 GET / 200 in 195ms (compile: 126ms, render: 68ms)
 GET /photos 200 in 82ms (compile: 50ms, render: 32ms)
 GET /api/wedding-image?name=En+pic+1.jpg&v=1772200491261.471 200 in 35ms (compile: 3ms, render: 32ms)
 GET /api/wedding-image?name=En+pic+2.jpg&v=1772200495122.1804 200 in 46ms (compile: 3ms, render: 42ms)
 GET /api/wedding-image?name=En+pic+3.jpg&v=1772200491993.6292 200 in 41ms (compile: 7ms, render: 34ms)
 GET /api/wedding-image?name=En+pic+4.jpg&v=1772200491312.6526 200 in 51ms (compile: 12ms, render: 39ms)
 GET /api/wedding-image?name=En+pic+5.jpg&v=1772200496249.2603 200 in 63ms (compile: 5ms, render: 58ms)
 GET /api/wedding-image?name=En+pic+7.jpg&v=1772201115507.059 200 in 80ms (compile: 13ms, render: 67ms)
 GET /api/wedding-image?name=En+pic+6.jpg&v=1772200496146.6074 200 in 104ms (compile: 9ms, render: 95ms)
 GET /wedding-party 200 in 88ms (compile: 49ms, render: 39ms)
 GET / 200 in 31ms (compile: 5ms, render: 25ms)
 GET /api/wedding-image?name=name+pic.png&v=1772624863949.0823 200 in 25ms (compile: 10ms, render: 15ms)
 GET /api/wedding-image?name=Skyline+church.jpg&v=1772389924431.0286 200 in 28ms (compile: 15ms, render: 13ms)
 GET /api/wedding-image?name=couple+picture.jpg&v=1772388681292.4543 200 in 50ms (compile: 4ms, render: 46ms)
✓ Compiled in 518ms
✓ Compiled in 65ms
✓ Compiled in 97ms
 GET /meet-the-couple 200 in 1079ms (compile: 348ms, render: 731ms)
 GET /wedding-party 200 in 174ms (compile: 115ms, render: 59ms)
 GET /rsvp 200 in 186ms (compile: 135ms, render: 51ms)
 GET / 200 in 254ms (compile: 195ms, render: 59ms)
 GET /api/wedding-image?name=name+pic.png&v=1772624863949.0823 200 in 60ms (compile: 6ms, render: 54ms)
 GET /api/wedding-image?name=Skyline+church.jpg&v=1772389924431.0286 200 in 74ms (compile: 12ms, render: 62ms)
 GET /api/wedding-image?name=couple+picture.jpg&v=1772388681292.4543 200 in 164ms (compile: 5ms, render: 159ms)
✓ Compiled in 64ms
 GET / 200 in 259ms (compile: 145ms, render: 114ms)
 GET / 200 in 134ms (compile: 6ms, render: 128ms)
 GET / 200 in 132ms (compile: 5ms, render: 127ms)
 GET / 200 in 132ms (compile: 6ms, render: 126ms)
 GET / 200 in 100ms (compile: 4ms, render: 96ms)
 GET / 200 in 48ms (compile: 5ms, render: 43ms)
 GET / 200 in 293ms (compile: 134ms, render: 159ms)
 GET / 200 in 130ms (compile: 8ms, render: 122ms)
 GET / 200 in 125ms (compile: 6ms, render: 120ms)
 GET / 200 in 139ms (compile: 5ms, render: 133ms)
 GET / 200 in 100ms (compile: 4ms, render: 96ms)
 GET / 200 in 58ms (compile: 5ms, render: 52ms)
 GET / 200 in 225ms (compile: 111ms, render: 113ms)
 GET / 200 in 68ms (compile: 4ms, render: 64ms)
 GET / 200 in 92ms (compile: 3ms, render: 89ms)
 GET / 200 in 99ms (compile: 4ms, render: 94ms)
 GET / 200 in 72ms (compile: 3ms, render: 69ms)
 GET / 200 in 39ms (compile: 4ms, render: 36ms)
 GET / 200 in 194ms (compile: 3ms, render: 191ms)
 GET /api/wedding-image?name=logo.png 200 in 22ms (compile: 4ms, render: 18ms)
 GET /api/wedding-image?name=name+pic.png&v=1772624863949.0823 200 in 15ms (compile: 3ms, render: 12ms)
 GET /api/wedding-image?name=couple+picture.jpg&v=1772388681292.4543 200 in 43ms (compile: 3ms, render: 39ms)
 GET /api/wedding-image?name=logo.png&v=1772389159594.0342 200 in 16ms (compile: 3ms, render: 12ms)
 GET /api/wedding-image?name=Skyline+church.jpg&v=1772389924431.0286 200 in 17ms (compile: 7ms, render: 10ms)
 GET /photos 200 in 153ms (compile: 111ms, render: 42ms)
 GET /api/wedding-image?name=En+pic+1.jpg&v=1772200491261.471 200 in 33ms (compile: 3ms, render: 30ms)
 GET /api/wedding-image?name=En+pic+2.jpg&v=1772200495122.1804 200 in 44ms (compile: 7ms, render: 38ms)
 GET /api/wedding-image?name=En+pic+7.jpg&v=1772201115507.059 200 in 63ms (compile: 5ms, render: 59ms)
 GET /api/wedding-image?name=En+pic+3.jpg&v=1772200491993.6292 200 in 62ms (compile: 3ms, render: 59ms)
 GET /api/wedding-image?name=En+pic+4.jpg&v=1772200491312.6526 200 in 75ms (compile: 5ms, render: 70ms)
 GET /api/wedding-image?name=En+pic+5.jpg&v=1772200496249.2603 200 in 90ms (compile: 10ms, render: 80ms)
 GET /api/wedding-image?name=En+pic+6.jpg&v=1772200496146.6074 200 in 144ms (compile: 14ms, render: 130ms)
 GET /meet-the-couple 200 in 136ms (compile: 97ms, render: 39ms)
 GET /wedding-party 200 in 137ms (compile: 91ms, render: 46ms)
 GET /qa 200 in 146ms (compile: 105ms, render: 41ms)
 GET /rsvp 200 in 176ms (compile: 134ms, render: 42ms)
 GET /meet-the-couple 200 in 25ms (compile: 4ms, render: 21ms)
 GET / 200 in 25ms (compile: 3ms, render: 23ms)
 GET /api/wedding-image?name=name+pic.png&v=1772624863949.0823 200 in 13ms (compile: 3ms, render: 10ms)
 GET /api/wedding-image?name=Skyline+church.jpg&v=1772389924431.0286 200 in 13ms (compile: 4ms, render: 9ms)
 GET /api/wedding-image?name=couple+picture.jpg&v=1772388681292.4543 200 in 50ms (compile: 4ms, render: 46ms)
 GET /meet-the-couple 200 in 29ms (compile: 3ms, render: 26ms)
✓ Compiled in 199ms
 GET /meet-the-couple 200 in 184ms (compile: 134ms, render: 49ms)
 GET /meet-the-couple 200 in 192ms (compile: 129ms, render: 63ms)
 GET /meet-the-couple 200 in 188ms (compile: 132ms, render: 57ms)
 GET /wedding-party 200 in 34ms (compile: 5ms, render: 29ms)
✓ Compiled in 96ms
 GET /wedding-party 200 in 710ms (compile: 388ms, render: 322ms)
✓ Compiled in 44ms
 GET /wedding-party 200 in 182ms (compile: 98ms, render: 83ms)
✓ Compiled in 43ms
 GET /wedding-party 200 in 174ms (compile: 113ms, render: 62ms)
 GET /wedding-party 200 in 157ms (compile: 99ms, render: 58ms)
 GET /wedding-party 200 in 186ms (compile: 117ms, render: 69ms)
✓ Compiled in 37ms
 GET /wedding-party 200 in 148ms (compile: 95ms, render: 53ms)
✓ Compiled in 36ms
 GET /wedding-party 200 in 182ms (compile: 117ms, render: 65ms)
 GET /wedding-party 200 in 189ms (compile: 102ms, render: 87ms)
 GET /wedding-party 200 in 189ms (compile: 114ms, render: 76ms)
 GET /wedding-party 200 in 65ms (compile: 8ms, render: 57ms)
 GET /wedding-party 200 in 210ms (compile: 134ms, render: 76ms)
 GET /wedding-party 200 in 177ms (compile: 117ms, render: 61ms)
 GET /wedding-party 200 in 176ms (compile: 123ms, render: 52ms)
 GET /wedding-party 200 in 197ms (compile: 122ms, render: 75ms)
 GET /wedding-party 200 in 186ms (compile: 120ms, render: 67ms)
✓ Compiled in 37ms
 GET /wedding-party 200 in 151ms (compile: 96ms, render: 55ms)
 GET /wedding-party 200 in 167ms (compile: 109ms, render: 58ms)
 GET /wedding-party 200 in 189ms (compile: 121ms, render: 67ms)
 GET /wedding-party 200 in 250ms (compile: 4ms, render: 247ms)
 GET /api/wedding-image?name=logo.png 200 in 21ms (compile: 5ms, render: 15ms)
 GET /api/wedding-image?name=logo.png&v=1772389159594.0342 200 in 12ms (compile: 3ms, render: 8ms)
 GET /wedding-party 200 in 170ms (compile: 99ms, render: 71ms)
 GET /wedding-party 200 in 149ms (compile: 100ms, render: 49ms)
 GET /wedding-party 200 in 157ms (compile: 92ms, render: 64ms)
 GET /wedding-party 200 in 139ms (compile: 84ms, render: 55ms)
 GET /wedding-party 200 in 172ms (compile: 109ms, render: 63ms)
 GET /wedding-party 200 in 188ms (compile: 124ms, render: 64ms)
 GET /wedding-party 200 in 163ms (compile: 112ms, render: 51ms)
 GET /wedding-party 200 in 152ms (compile: 97ms, render: 55ms)
 GET /wedding-party 200 in 156ms (compile: 92ms, render: 64ms)
✓ Compiled in 27ms
 GET /wedding-party 200 in 159ms (compile: 93ms, render: 66ms)
 GET /wedding-party 200 in 155ms (compile: 90ms, render: 64ms)
 GET /wedding-party 200 in 188ms (compile: 127ms, render: 62ms)
 GET /wedding-party 200 in 155ms (compile: 98ms, render: 57ms)
 GET /wedding-party 200 in 161ms (compile: 111ms, render: 50ms)
 GET /wedding-party 200 in 172ms (compile: 119ms, render: 53ms)
✓ Compiled in 29ms
 GET /wedding-party 200 in 154ms (compile: 92ms, render: 62ms)
 GET /wedding-party 200 in 144ms (compile: 95ms, render: 49ms)
 GET /wedding-party 200 in 180ms (compile: 115ms, render: 65ms)
 GET /qa 200 in 62ms (compile: 10ms, render: 52ms)
 GET /rsvp 200 in 37ms (compile: 8ms, render: 29ms)
 GET / 200 in 42ms (compile: 7ms, render: 35ms)
 GET /api/wedding-image?name=name+pic.png&v=1772624863949.0823 200 in 26ms (compile: 10ms, render: 16ms)
 GET /api/wedding-image?name=Skyline+church.jpg&v=1772389924431.0286 200 in 29ms (compile: 16ms, render: 12ms)
 GET /api/wedding-image?name=couple+picture.jpg&v=1772388681292.4543 200 in 51ms (compile: 4ms, render: 47ms)
 GET /meet-the-couple 200 in 38ms (compile: 6ms, render: 33ms)
 GET /wedding-party 200 in 42ms (compile: 3ms, render: 39ms)
✓ Compiled in 187ms
 GET /wedding-party 200 in 500ms (compile: 382ms, render: 119ms)
 GET /wedding-party 200 in 199ms (compile: 138ms, render: 61ms)
 GET /wedding-party 200 in 172ms (compile: 113ms, render: 59ms)
 GET /wedding-party 200 in 196ms (compile: 127ms, render: 70ms)
 GET /wedding-party 200 in 280ms (compile: 128ms, render: 152ms)
 GET /meet-the-couple 200 in 461ms (compile: 128ms, render: 333ms)
✓ Compiled in 334ms
 GET /meet-the-couple 200 in 438ms (compile: 302ms, render: 135ms)
 GET /wedding-party 200 in 1011ms (compile: 487ms, render: 524ms)
 GET /wedding-party 200 in 73ms (compile: 7ms, render: 66ms)
 GET /api/wedding-image?name=Jose%20Fernandes.jpg 200 in 146ms (compile: 37ms, render: 109ms)
 GET /api/wedding-image?name=Harrison%20Paul.jpg 200 in 125ms (compile: 43ms, render: 82ms)
 GET /api/wedding-image?name=Gwendolyn%20Fernandes.jpg 200 in 126ms (compile: 49ms, render: 77ms)
 GET /api/wedding-image?name=Nancy%20Paul.jpg 200 in 52ms (compile: 8ms, render: 44ms)
 GET /api/wedding-image?name=Thomas%20Noronha.jpg 200 in 65ms (compile: 14ms, render: 51ms)
 GET /api/wedding-image?name=Giselle%20Noronha.jpg 200 in 67ms (compile: 20ms, render: 47ms)
 GET /api/wedding-image?name=Pastor%20Mary.jpg 200 in 59ms (compile: 12ms, render: 46ms)
 GET /api/wedding-image?name=Krisha%20Marolia.jpg 200 in 66ms (compile: 20ms, render: 46ms)
 GET /api/wedding-image?name=Allen%20Paul.jpg 200 in 59ms (compile: 7ms, render: 52ms)
 GET /api/wedding-image?name=Nerlin%20Peris.jpg 200 in 49ms (compile: 24ms, render: 25ms)
 GET /api/wedding-image?name=Isaiah%20Fernandes.jpg 200 in 58ms (compile: 18ms, render: 41ms)
 GET /api/wedding-image?name=Kiara%20Noronha.jpeg 200 in 25ms (compile: 4ms, render: 21ms)
 GET /wedding-party 200 in 107ms (compile: 5ms, render: 103ms)
 GET /api/wedding-image?name=logo.png 200 in 18ms (compile: 3ms, render: 15ms)
 GET /api/wedding-image?name=Jose%20Fernandes.jpg 200 in 42ms (compile: 24ms, render: 19ms)
 GET /api/wedding-image?name=Gwendolyn%20Fernandes.jpg 200 in 37ms (compile: 23ms, render: 14ms)
 GET /api/wedding-image?name=Harrison%20Paul.jpg 200 in 22ms (compile: 5ms, render: 17ms)
 GET /api/wedding-image?name=Nancy%20Paul.jpg 200 in 25ms (compile: 11ms, render: 14ms)
 GET /api/wedding-image?name=Thomas%20Noronha.jpg 200 in 33ms (compile: 9ms, render: 23ms)
 GET /api/wedding-image?name=Giselle%20Noronha.jpg 200 in 33ms (compile: 15ms, render: 19ms)
 GET /api/wedding-image?name=Pastor%20Mary.jpg 200 in 18ms (compile: 3ms, render: 15ms)
 GET /api/wedding-image?name=Krisha%20Marolia.jpg 200 in 14ms (compile: 3ms, render: 11ms)
 GET /api/wedding-image?name=Allen%20Paul.jpg 200 in 19ms (compile: 4ms, render: 15ms)
 GET /api/wedding-image?name=Isaiah%20Fernandes.jpg 200 in 18ms (compile: 2ms, render: 15ms)
 GET /api/wedding-image?name=Nerlin%20Peris.jpg 200 in 28ms (compile: 4ms, render: 23ms)
 GET /api/wedding-image?name=Kiara%20Noronha.jpeg 200 in 32ms (compile: 6ms, render: 27ms)
 GET /api/wedding-image?name=logo.png&v=1772389159594.0342 200 in 34ms (compile: 15ms, render: 20ms)
 GET /wedding-party 200 in 97ms (compile: 3ms, render: 93ms)
 GET /api/wedding-image?name=logo.png 200 in 12ms (compile: 3ms, render: 9ms)
 GET /api/wedding-image?name=Jose%20Fernandes.jpg 200 in 16ms (compile: 2ms, render: 14ms)
 GET /api/wedding-image?name=Gwendolyn%20Fernandes.jpg 200 in 11ms (compile: 3ms, render: 9ms)
 GET /api/wedding-image?name=Harrison%20Paul.jpg 200 in 18ms (compile: 4ms, render: 14ms)
 GET /api/wedding-image?name=Nancy%20Paul.jpg 200 in 19ms (compile: 10ms, render: 9ms)
 GET /api/wedding-image?name=Kiara%20Noronha.jpeg 200 in 17ms (compile: 3ms, render: 14ms)
 GET /api/wedding-image?name=Isaiah%20Fernandes.jpg 200 in 16ms (compile: 3ms, render: 13ms)
 GET /api/wedding-image?name=Allen%20Paul.jpg 200 in 18ms (compile: 3ms, render: 15ms)
 GET /api/wedding-image?name=Nerlin%20Peris.jpg 200 in 12ms (compile: 3ms, render: 9ms)
 GET /api/wedding-image?name=Thomas%20Noronha.jpg 200 in 14ms (compile: 2ms, render: 11ms)
 GET /api/wedding-image?name=Giselle%20Noronha.jpg 200 in 12ms (compile: 2ms, render: 9ms)
 GET /api/wedding-image?name=Pastor%20Mary.jpg 200 in 22ms (compile: 4ms, render: 18ms)
 GET /api/wedding-image?name=Krisha%20Marolia.jpg 200 in 226ms (compile: 9ms, render: 217ms)
 GET /api/wedding-image?name=logo.png&v=1772389159594.0342 200 in 14ms (compile: 7ms, render: 7ms)
✓ Compiled in 89ms
 GET /wedding-party 200 in 197ms (compile: 134ms, render: 63ms)
 GET /api/wedding-image?name=Jose%20Fernandes.jpg 200 in 10ms (compile: 2ms, render: 7ms)
 GET /wedding-party 200 in 205ms (compile: 144ms, render: 61ms)
 GET /api/wedding-image?name=Harrison%20Paul.jpg 200 in 11ms (compile: 3ms, render: 9ms)
 GET /wedding-party 200 in 188ms (compile: 121ms, render: 68ms)
 GET /api/wedding-image?name=Gwendolyn%20Fernandes.jpg 200 in 8ms (compile: 2ms, render: 6ms)
 GET /api/wedding-image?name=Gwendolyn%20Fernandes.jpg 200 in 11ms (compile: 3ms, render: 8ms)
 GET /wedding-party 200 in 176ms (compile: 109ms, render: 67ms)
 GET /api/wedding-image?name=Gwendolyn%20Fernandes.jpg 200 in 10ms (compile: 2ms, render: 7ms)
 GET /wedding-party 200 in 147ms (compile: 93ms, render: 53ms)
 GET /api/wedding-image?name=Nancy%20Paul.jpg 200 in 9ms (compile: 2ms, render: 7ms)
 GET /qa 200 in 58ms (compile: 22ms, render: 36ms)
 GET /rsvp 200 in 27ms (compile: 7ms, render: 20ms)
 GET / 200 in 32ms (compile: 8ms, render: 24ms)
 GET /api/wedding-image?name=name+pic.png&v=1772624863949.0823 200 in 26ms (compile: 8ms, render: 19ms)
 GET /api/wedding-image?name=Skyline+church.jpg&v=1772389924431.0286 200 in 24ms (compile: 12ms, render: 12ms)
 GET /api/wedding-image?name=couple+picture.jpg&v=1772388681292.4543 200 in 56ms (compile: 5ms, render: 51ms)
 GET /photos 200 in 50ms (compile: 17ms, render: 33ms)
 GET /api/wedding-image?name=En+pic+1.jpg&v=1772200491261.471 200 in 75ms (compile: 5ms, render: 70ms)
 GET /api/wedding-image?name=En+pic+3.jpg&v=1772200491993.6292 200 in 81ms (compile: 13ms, render: 68ms)
 GET /api/wedding-image?name=En+pic+2.jpg&v=1772200495122.1804 200 in 103ms (compile: 11ms, render: 92ms)
 GET /api/wedding-image?name=En+pic+4.jpg&v=1772200491312.6526 200 in 97ms (compile: 7ms, render: 90ms)
 GET /api/wedding-image?name=En+pic+5.jpg&v=1772200496249.2603 200 in 109ms (compile: 12ms, render: 97ms)
 GET /api/wedding-image?name=En+pic+6.jpg&v=1772200496146.6074 200 in 126ms (compile: 16ms, render: 110ms)
 GET /api/wedding-image?name=En+pic+7.jpg&v=1772201115507.059 200 in 46ms (compile: 5ms, render: 42ms)
 GET /meet-the-couple 200 in 97ms (compile: 22ms, render: 75ms)
 GET / 200 in 47ms (compile: 6ms, render: 41ms)
 GET /api/wedding-image?name=name+pic.png&v=1772624863949.0823 200 in 34ms (compile: 11ms, render: 23ms)
 GET /api/wedding-image?name=Skyline+church.jpg&v=1772389924431.0286 200 in 17ms (compile: 4ms, render: 13ms)
 GET /api/wedding-image?name=couple+picture.jpg&v=1772388681292.4543 200 in 53ms (compile: 5ms, render: 48ms)
✓ Compiled in 51ms
 GET / 200 in 55ms (compile: 7ms, render: 48ms)
✓ Compiled in 45ms
 GET / 200 in 50ms (compile: 4ms, render: 46ms)
✓ Compiled in 100ms
✓ Compiled in 150ms
✓ Compiled in 40ms
 GET /meet-the-couple 200 in 637ms (compile: 579ms, render: 58ms)
 GET / 200 in 171ms (compile: 132ms, render: 39ms)
 GET /api/wedding-image?name=name+pic.png&v=1772624863949.0823 200 in 21ms (compile: 11ms, render: 10ms)
 GET /api/wedding-image?name=couple+picture.jpg&v=1772388681292.4543 200 in 38ms (compile: 3ms, render: 35ms)
 GET /api/wedding-image?name=Skyline+church.jpg&v=1772389924431.0286 200 in 39ms (compile: 22ms, render: 17ms)
 GET /meet-the-couple 200 in 30ms (compile: 3ms, render: 27ms)
 GET /wedding-party 200 in 171ms (compile: 120ms, render: 51ms)
 GET /api/wedding-image?name=Jose%20Fernandes.jpg 200 in 10ms (compile: 3ms, render: 7ms)
 GET /api/wedding-image?name=Gwendolyn%20Fernandes.jpg 200 in 12ms (compile: 3ms, render: 8ms)
 GET /api/wedding-image?name=Harrison%20Paul.jpg 200 in 11ms (compile: 4ms, render: 7ms)
 GET /api/wedding-image?name=Nancy%20Paul.jpg 200 in 10ms (compile: 2ms, render: 8ms)
 GET /api/wedding-image?name=Thomas%20Noronha.jpg 200 in 11ms (compile: 3ms, render: 8ms)
 GET /api/wedding-image?name=Giselle%20Noronha.jpg 200 in 12ms (compile: 3ms, render: 9ms)
 GET /api/wedding-image?name=Pastor%20Mary.jpg 200 in 10ms (compile: 3ms, render: 7ms)
 GET /api/wedding-image?name=Krisha%20Marolia.jpg 200 in 10ms (compile: 2ms, render: 8ms)
 GET /api/wedding-image?name=Allen%20Paul.jpg 200 in 9ms (compile: 3ms, render: 6ms)
 GET /api/wedding-image?name=Isaiah%20Fernandes.jpg 200 in 12ms (compile: 3ms, render: 9ms)
 GET /api/wedding-image?name=Nerlin%20Peris.jpg 200 in 17ms (compile: 3ms, render: 14ms)
 GET /api/wedding-image?name=Kiara%20Noronha.jpeg 200 in 10ms (compile: 3ms, render: 7ms)
 GET /qa 200 in 160ms (compile: 119ms, render: 41ms)
 GET /rsvp 200 in 137ms (compile: 105ms, render: 32ms)
 GET / 200 in 39ms (compile: 4ms, render: 35ms)
 GET /api/wedding-image?name=name+pic.png&v=1772624863949.0823 200 in 35ms (compile: 15ms, render: 20ms)
 GET /api/wedding-image?name=Skyline+church.jpg&v=1772389924431.0286 200 in 38ms (compile: 23ms, render: 15ms)
 GET /api/wedding-image?name=couple+picture.jpg&v=1772388681292.4543 200 in 55ms (compile: 7ms, render: 48ms)
 GET /photos 200 in 227ms (compile: 163ms, render: 64ms)
 GET /api/wedding-image?name=En+pic+1.jpg&v=1772200491261.471 200 in 29ms (compile: 3ms, render: 27ms)
 GET /api/wedding-image?name=En+pic+2.jpg&v=1772200495122.1804 200 in 38ms (compile: 5ms, render: 34ms)
 GET /api/wedding-image?name=En+pic+3.jpg&v=1772200491993.6292 200 in 70ms (compile: 6ms, render: 64ms)
 GET /api/wedding-image?name=En+pic+4.jpg&v=1772200491312.6526 200 in 86ms (compile: 11ms, render: 75ms)
 GET /api/wedding-image?name=En+pic+5.jpg&v=1772200496249.2603 200 in 98ms (compile: 16ms, render: 83ms)
 GET /api/wedding-image?name=En+pic+6.jpg&v=1772200496146.6074 200 in 159ms (compile: 23ms, render: 136ms)
 GET /api/wedding-image?name=En+pic+7.jpg&v=1772201115507.059 200 in 173ms (compile: 31ms, render: 142ms)
 GET /meet-the-couple 200 in 45ms (compile: 6ms, render: 39ms)
 GET /wedding-party 200 in 49ms (compile: 5ms, render: 44ms)
 GET /api/wedding-image?name=Jose%20Fernandes.jpg 200 in 21ms (compile: 6ms, render: 15ms)
 GET /api/wedding-image?name=Gwendolyn%20Fernandes.jpg 200 in 23ms (compile: 12ms, render: 11ms)
 GET /api/wedding-image?name=Harrison%20Paul.jpg 200 in 11ms (compile: 3ms, render: 8ms)
 GET /api/wedding-image?name=Nancy%20Paul.jpg 200 in 11ms (compile: 3ms, render: 8ms)
 GET /api/wedding-image?name=Thomas%20Noronha.jpg 200 in 19ms (compile: 3ms, render: 17ms)
 GET /api/wedding-image?name=Giselle%20Noronha.jpg 200 in 23ms (compile: 3ms, render: 20ms)
 GET /api/wedding-image?name=Pastor%20Mary.jpg 200 in 15ms (compile: 3ms, render: 12ms)
 GET /api/wedding-image?name=Krisha%20Marolia.jpg 200 in 19ms (compile: 4ms, render: 16ms)
 GET /api/wedding-image?name=Allen%20Paul.jpg 200 in 15ms (compile: 3ms, render: 12ms)
 GET /api/wedding-image?name=Isaiah%20Fernandes.jpg 200 in 21ms (compile: 4ms, render: 17ms)
 GET /api/wedding-image?name=Nerlin%20Peris.jpg 200 in 15ms (compile: 3ms, render: 11ms)
 GET /api/wedding-image?name=Kiara%20Noronha.jpeg 200 in 9ms (compile: 2ms, render: 7ms)
 GET /rsvp 200 in 31ms (compile: 5ms, render: 26ms)
 GET /qa 200 in 38ms (compile: 4ms, render: 33ms)
 GET /meet-the-couple 200 in 33ms (compile: 4ms, render: 29ms)
 GET /wedding-party 200 in 47ms (compile: 4ms, render: 42ms)
 GET /api/wedding-image?name=Jose%20Fernandes.jpg 200 in 39ms (compile: 6ms, render: 33ms)
 GET /api/wedding-image?name=Gwendolyn%20Fernandes.jpg 200 in 40ms (compile: 11ms, render: 29ms)
 GET /api/wedding-image?name=Harrison%20Paul.jpg 200 in 42ms (compile: 18ms, render: 25ms)
 GET /api/wedding-image?name=Nancy%20Paul.jpg 200 in 23ms (compile: 4ms, render: 19ms)
 GET /api/wedding-image?name=Thomas%20Noronha.jpg 200 in 31ms (compile: 6ms, render: 25ms)
 GET /api/wedding-image?name=Giselle%20Noronha.jpg 200 in 39ms (compile: 12ms, render: 27ms)
 GET /api/wedding-image?name=Pastor%20Mary.jpg 200 in 27ms (compile: 4ms, render: 24ms)
 GET /api/wedding-image?name=Krisha%20Marolia.jpg 200 in 24ms (compile: 6ms, render: 18ms)
 GET /api/wedding-image?name=Allen%20Paul.jpg 200 in 41ms (compile: 8ms, render: 34ms)
 GET /api/wedding-image?name=Isaiah%20Fernandes.jpg 200 in 87ms (compile: 12ms, render: 75ms)
 GET /api/wedding-image?name=Nerlin%20Peris.jpg 200 in 74ms (compile: 5ms, render: 68ms)
 GET /api/wedding-image?name=Kiara%20Noronha.jpeg 200 in 74ms (compile: 11ms, render: 64ms)
✓ Compiled in 114ms
 GET /wedding-party 200 in 637ms (compile: 410ms, render: 227ms)
 GET /wedding-party 200 in 209ms (compile: 124ms, render: 85ms)
✓ Compiled in 40ms
 GET /wedding-party 200 in 348ms (compile: 166ms, render: 182ms)
 GET /wedding-party 200 in 268ms (compile: 166ms, render: 101ms)
 GET /wedding-party 200 in 180ms (compile: 118ms, render: 62ms)
✓ Compiled in 205ms
 GET /wedding-party 200 in 268ms (compile: 185ms, render: 83ms)
 GET /wedding-party 200 in 438ms (compile: 117ms, render: 322ms)
 GET /qa 200 in 54ms (compile: 13ms, render: 41ms)
 GET /rsvp 200 in 43ms (compile: 9ms, render: 34ms)
 GET /qa 200 in 31ms (compile: 4ms, render: 26ms)
 GET /meet-the-couple 200 in 39ms (compile: 8ms, render: 30ms)
 GET / 200 in 41ms (compile: 10ms, render: 31ms)
 GET /api/wedding-image?name=name+pic.png&v=1772624863949.0823 200 in 18ms (compile: 4ms, render: 14ms)
 GET /api/wedding-image?name=couple+picture.jpg&v=1772388681292.4543 200 in 41ms (compile: 7ms, render: 34ms)
 GET /api/wedding-image?name=Skyline+church.jpg&v=1772389924431.0286 200 in 20ms (compile: 5ms, render: 15ms)
 GET /wedding-party 200 in 72ms (compile: 19ms, render: 52ms)
 GET /api/wedding-image?name=Jose%20Fernandes.jpg 200 in 15ms (compile: 5ms, render: 9ms)
 GET /api/wedding-image?name=Gwendolyn%20Fernandes.jpg 200 in 10ms (compile: 3ms, render: 7ms)
 GET /api/wedding-image?name=Harrison%20Paul.jpg 200 in 12ms (compile: 3ms, render: 9ms)
 GET /api/wedding-image?name=Nancy%20Paul.jpg 200 in 12ms (compile: 5ms, render: 7ms)
 GET /api/wedding-image?name=Thomas%20Noronha.jpg 200 in 9ms (compile: 3ms, render: 6ms)
 GET /api/wedding-image?name=Giselle%20Noronha.jpg 200 in 13ms (compile: 6ms, render: 7ms)
 GET /api/wedding-image?name=Pastor%20Mary.jpg 200 in 14ms (compile: 6ms, render: 8ms)
 GET /api/wedding-image?name=Krisha%20Marolia.jpg 200 in 15ms (compile: 6ms, render: 9ms)
 GET /api/wedding-image?name=Allen%20Paul.jpg 200 in 9ms (compile: 3ms, render: 6ms)
 GET /api/wedding-image?name=Isaiah%20Fernandes.jpg 200 in 21ms (compile: 3ms, render: 18ms)
 GET /api/wedding-image?name=Nerlin%20Peris.jpg 200 in 13ms (compile: 4ms, render: 9ms)
 GET /api/wedding-image?name=Kiara%20Noronha.jpeg 200 in 12ms (compile: 4ms, render: 8ms)
✓ Compiled in 345ms
 GET /wedding-party 200 in 467ms (compile: 386ms, render: 81ms)
✓ Compiled in 115ms
 GET /wedding-party 200 in 260ms (compile: 164ms, render: 96ms)
 GET /wedding-party 200 in 208ms (compile: 147ms, render: 60ms)
 GET /wedding-party 200 in 146ms (compile: 85ms, render: 61ms)
 GET /wedding-party 200 in 230ms (compile: 91ms, render: 139ms)
✓ Compiled in 28ms
 GET /wedding-party 200 in 142ms (compile: 90ms, render: 52ms)
 GET /wedding-party 200 in 319ms (compile: 192ms, render: 128ms)
 GET /wedding-party 200 in 203ms (compile: 119ms, render: 84ms)
 GET /qa 200 in 30ms (compile: 6ms, render: 24ms)
 GET /rsvp 200 in 27ms (compile: 6ms, render: 22ms)
 GET /wedding-party 200 in 36ms (compile: 3ms, render: 34ms)
 GET /api/wedding-image?name=Jose%20Fernandes.jpg 200 in 14ms (compile: 4ms, render: 10ms)
 GET /api/wedding-image?name=Gwendolyn%20Fernandes.jpg 200 in 11ms (compile: 4ms, render: 7ms)
 GET /api/wedding-image?name=Harrison%20Paul.jpg 200 in 9ms (compile: 2ms, render: 6ms)
 GET /api/wedding-image?name=Nancy%20Paul.jpg 200 in 10ms (compile: 3ms, render: 7ms)
 GET /api/wedding-image?name=Thomas%20Noronha.jpg 200 in 9ms (compile: 2ms, render: 7ms)
 GET /api/wedding-image?name=Giselle%20Noronha.jpg 200 in 10ms (compile: 3ms, render: 8ms)
 GET /api/wedding-image?name=Pastor%20Mary.jpg 200 in 10ms (compile: 3ms, render: 7ms)
 GET /api/wedding-image?name=Krisha%20Marolia.jpg 200 in 9ms (compile: 3ms, render: 6ms)
 GET /api/wedding-image?name=Allen%20Paul.jpg 200 in 9ms (compile: 3ms, render: 7ms)
 GET /api/wedding-image?name=Isaiah%20Fernandes.jpg 200 in 12ms (compile: 3ms, render: 9ms)
 GET /api/wedding-image?name=Nerlin%20Peris.jpg 200 in 10ms (compile: 3ms, render: 7ms)
 GET /api/wedding-image?name=Kiara%20Noronha.jpeg 200 in 10ms (compile: 3ms, render: 7ms)
 GET /wedding-party 200 in 172ms (compile: 100ms, render: 71ms)
 GET /api/wedding-image?name=Nancy%20Paul.jpg 200 in 9ms (compile: 3ms, render: 6ms)
 GET /wedding-party 200 in 142ms (compile: 91ms, render: 51ms)
 GET /api/wedding-image?name=Nancy%20Paul.jpg 200 in 9ms (compile: 3ms, render: 6ms)
 GET /qa 200 in 43ms (compile: 5ms, render: 38ms)
 GET /rsvp 200 in 37ms (compile: 7ms, render: 30ms)
 GET / 200 in 87ms (compile: 14ms, render: 72ms)
 GET /api/wedding-image?name=name+pic.png&v=1772624863949.0823 200 in 33ms (compile: 19ms, render: 14ms)
 GET /api/wedding-image?name=couple+picture.jpg&v=1772388681292.4543 200 in 57ms (compile: 9ms, render: 48ms)
 GET /api/wedding-image?name=Skyline+church.jpg&v=1772389924431.0286 200 in 205ms (compile: 19ms, render: 186ms)
 GET /photos 200 in 67ms (compile: 11ms, render: 55ms)
 GET /api/wedding-image?name=En+pic+1.jpg&v=1772200491261.471 200 in 55ms (compile: 5ms, render: 50ms)
 GET /api/wedding-image?name=En+pic+2.jpg&v=1772200495122.1804 200 in 76ms (compile: 12ms, render: 64ms)
 GET /api/wedding-image?name=En+pic+3.jpg&v=1772200491993.6292 200 in 76ms (compile: 3ms, render: 73ms)
 GET /api/wedding-image?name=En+pic+4.jpg&v=1772200491312.6526 200 in 47ms (compile: 17ms, render: 30ms)
 GET /api/wedding-image?name=En+pic+5.jpg&v=1772200496249.2603 200 in 46ms (compile: 4ms, render: 42ms)
 GET /api/wedding-image?name=En+pic+7.jpg&v=1772201115507.059 200 in 52ms (compile: 12ms, render: 40ms)
 GET /api/wedding-image?name=En+pic+6.jpg&v=1772200496146.6074 200 in 70ms (compile: 4ms, render: 66ms)
 GET / 200 in 51ms (compile: 11ms, render: 40ms)
 GET /api/wedding-image?name=Skyline+church.jpg&v=1772389924431.0286 200 in 26ms (compile: 3ms, render: 22ms)
 GET /api/wedding-image?name=name+pic.png&v=1772624863949.0823 200 in 30ms (compile: 17ms, render: 13ms)
 GET /api/wedding-image?name=couple+picture.jpg&v=1772388681292.4543 200 in 48ms (compile: 11ms, render: 37ms)
 GET /photos 200 in 40ms (compile: 5ms, render: 35ms)
 GET /api/wedding-image?name=En+pic+1.jpg&v=1772200491261.471 200 in 38ms (compile: 14ms, render: 24ms)
 GET /api/wedding-image?name=En+pic+2.jpg&v=1772200495122.1804 200 in 48ms (compile: 4ms, render: 44ms)
 GET /api/wedding-image?name=En+pic+3.jpg&v=1772200491993.6292 200 in 42ms (compile: 4ms, render: 37ms)
 GET /api/wedding-image?name=En+pic+4.jpg&v=1772200491312.6526 200 in 58ms (compile: 4ms, render: 54ms)
 GET /api/wedding-image?name=En+pic+5.jpg&v=1772200496249.2603 200 in 64ms (compile: 9ms, render: 55ms)
 GET /api/wedding-image?name=En+pic+7.jpg&v=1772201115507.059 200 in 108ms (compile: 23ms, render: 85ms)
 GET /api/wedding-image?name=En+pic+6.jpg&v=1772200496146.6074 200 in 182ms (compile: 16ms, render: 166ms)
 GET /wedding-party 200 in 92ms (compile: 16ms, render: 76ms)
 GET /api/wedding-image?name=Gwendolyn%20Fernandes.jpg 200 in 44ms (compile: 5ms, render: 39ms)
 GET /api/wedding-image?name=Harrison%20Paul.jpg 200 in 47ms (compile: 12ms, render: 35ms)
 GET /api/wedding-image?name=Jose%20Fernandes.jpg 200 in 52ms (compile: 20ms, render: 32ms)
 GET /api/wedding-image?name=Nancy%20Paul.jpg 200 in 52ms (compile: 23ms, render: 29ms)
 GET /api/wedding-image?name=Thomas%20Noronha.jpg 200 in 49ms (compile: 21ms, render: 28ms)
 GET /api/wedding-image?name=Giselle%20Noronha.jpg 200 in 51ms (compile: 25ms, render: 26ms)
 GET /api/wedding-image?name=Pastor%20Mary.jpg 200 in 51ms (compile: 10ms, render: 40ms)
 GET /api/wedding-image?name=Krisha%20Marolia.jpg 200 in 52ms (compile: 15ms, render: 37ms)
 GET /api/wedding-image?name=Allen%20Paul.jpg 200 in 53ms (compile: 21ms, render: 33ms)
 GET /api/wedding-image?name=Nerlin%20Peris.jpg 200 in 54ms (compile: 28ms, render: 25ms)
 GET /api/wedding-image?name=Kiara%20Noronha.jpeg 200 in 36ms (compile: 17ms, render: 19ms)
 GET /api/wedding-image?name=Isaiah%20Fernandes.jpg 200 in 60ms (compile: 24ms, render: 37ms)
 GET /api/wedding-image?name=Jose%20Fernandes.jpg 200 in 46ms (compile: 8ms, render: 38ms)
 GET /api/wedding-image?name=Gwendolyn%20Fernandes.jpg 200 in 45ms (compile: 12ms, render: 33ms)
 GET /api/wedding-image?name=Harrison%20Paul.jpg 200 in 45ms (compile: 16ms, render: 30ms)
 GET /api/wedding-image?name=Nancy%20Paul.jpg 200 in 46ms (compile: 21ms, render: 25ms)
 GET /api/wedding-image?name=Thomas%20Noronha.jpg 200 in 42ms (compile: 21ms, render: 22ms)
 GET /api/wedding-image?name=Giselle%20Noronha.jpg 200 in 45ms (compile: 25ms, render: 19ms)
 GET /qa 200 in 28ms (compile: 5ms, render: 23ms)
 GET /rsvp 200 in 31ms (compile: 7ms, render: 24ms)
 GET /wedding-party 200 in 39ms (compile: 4ms, render: 35ms)
 GET /api/wedding-image?name=Jose%20Fernandes.jpg 200 in 17ms (compile: 3ms, render: 13ms)
 GET /api/wedding-image?name=Gwendolyn%20Fernandes.jpg 200 in 19ms (compile: 9ms, render: 10ms)
 GET /api/wedding-image?name=Harrison%20Paul.jpg 200 in 19ms (compile: 5ms, render: 14ms)
 GET /api/wedding-image?name=Nancy%20Paul.jpg 200 in 20ms (compile: 10ms, render: 10ms)
 GET /api/wedding-image?name=Thomas%20Noronha.jpg 200 in 18ms (compile: 3ms, render: 15ms)
 GET /api/wedding-image?name=Giselle%20Noronha.jpg 200 in 13ms (compile: 3ms, render: 10ms)
 GET /api/wedding-image?name=Pastor%20Mary.jpg 200 in 16ms (compile: 2ms, render: 13ms)
 GET /api/wedding-image?name=Krisha%20Marolia.jpg 200 in 12ms (compile: 3ms, render: 9ms)
 GET /api/wedding-image?name=Allen%20Paul.jpg 200 in 16ms (compile: 4ms, render: 11ms)
 GET /api/wedding-image?name=Isaiah%20Fernandes.jpg 200 in 18ms (compile: 9ms, render: 9ms)
 GET /api/wedding-image?name=Nerlin%20Peris.jpg 200 in 19ms (compile: 3ms, render: 16ms)
 GET /api/wedding-image?name=Kiara%20Noronha.jpeg 200 in 14ms (compile: 3ms, render: 11ms)
✓ Compiled in 645ms
 GET /wedding-party 200 in 601ms (compile: 492ms, render: 109ms)
 GET /rsvp 200 in 38ms (compile: 13ms, render: 25ms)
 GET /meet-the-couple 200 in 85ms (compile: 29ms, render: 56ms)
 GET /wedding-party 200 in 60ms (compile: 4ms, render: 55ms)
 GET /api/wedding-image?name=Jose%20Fernandes.jpg 200 in 31ms (compile: 6ms, render: 26ms)
 GET /api/wedding-image?name=Gwendolyn%20Fernandes.jpg 200 in 33ms (compile: 22ms, render: 10ms)
 GET /api/wedding-image?name=Harrison%20Paul.jpg 200 in 30ms (compile: 9ms, render: 21ms)
 GET /api/wedding-image?name=Nancy%20Paul.jpg 200 in 17ms (compile: 5ms, render: 12ms)
 GET /api/wedding-image?name=Thomas%20Noronha.jpg 200 in 25ms (compile: 6ms, render: 18ms)
 GET /api/wedding-image?name=Giselle%20Noronha.jpg 200 in 17ms (compile: 3ms, render: 14ms)
 GET /api/wedding-image?name=Pastor%20Mary.jpg 200 in 18ms (compile: 4ms, render: 14ms)
 GET /api/wedding-image?name=Krisha%20Marolia.jpg 200 in 12ms (compile: 3ms, render: 9ms)
 GET /api/wedding-image?name=Allen%20Paul.jpg 200 in 24ms (compile: 5ms, render: 19ms)
 GET /api/wedding-image?name=Isaiah%20Fernandes.jpg 200 in 27ms (compile: 11ms, render: 16ms)
 GET /api/wedding-image?name=Nerlin%20Peris.jpg 200 in 15ms (compile: 3ms, render: 12ms)
 GET /api/wedding-image?name=Kiara%20Noronha.jpeg 200 in 10ms (compile: 3ms, render: 8ms)
 GET /meet-the-couple 200 in 154ms (compile: 5ms, render: 149ms)
 GET /wedding-party 200 in 42ms (compile: 5ms, render: 37ms)
 GET /api/wedding-image?name=Jose%20Fernandes.jpg 200 in 55ms (compile: 6ms, render: 49ms)
 GET /api/wedding-image?name=Gwendolyn%20Fernandes.jpg 200 in 57ms (compile: 15ms, render: 43ms)
 GET /api/wedding-image?name=Nancy%20Paul.jpg 200 in 57ms (compile: 19ms, render: 38ms)
 GET /api/wedding-image?name=Harrison%20Paul.jpg 200 in 61ms (compile: 27ms, render: 33ms)
 GET /api/wedding-image?name=Thomas%20Noronha.jpg 200 in 55ms (compile: 27ms, render: 28ms)
 GET /api/wedding-image?name=Giselle%20Noronha.jpg 200 in 66ms (compile: 33ms, render: 32ms)
 GET /api/wedding-image?name=Pastor%20Mary.jpg 200 in 49ms (compile: 7ms, render: 41ms)
 GET /api/wedding-image?name=Krisha%20Marolia.jpg 200 in 49ms (compile: 13ms, render: 37ms)
 GET /api/wedding-image?name=Allen%20Paul.jpg 200 in 51ms (compile: 17ms, render: 34ms)
 GET /api/wedding-image?name=Nerlin%20Peris.jpg 200 in 33ms (compile: 9ms, render: 23ms)
 GET /api/wedding-image?name=Isaiah%20Fernandes.jpg 200 in 36ms (compile: 4ms, render: 32ms)
 GET /api/wedding-image?name=Kiara%20Noronha.jpeg 200 in 31ms (compile: 9ms, render: 22ms)
 GET /qa 200 in 59ms (compile: 19ms, render: 41ms)
 GET /wedding-party 200 in 50ms (compile: 4ms, render: 46ms)
 GET /api/wedding-image?name=Jose%20Fernandes.jpg 200 in 17ms (compile: 3ms, render: 14ms)
 GET /api/wedding-image?name=Gwendolyn%20Fernandes.jpg 200 in 20ms (compile: 7ms, render: 12ms)
 GET /api/wedding-image?name=Harrison%20Paul.jpg 200 in 18ms (compile: 4ms, render: 15ms)
 GET /api/wedding-image?name=Nancy%20Paul.jpg 200 in 20ms (compile: 9ms, render: 11ms)
 GET /api/wedding-image?name=Thomas%20Noronha.jpg 200 in 16ms (compile: 3ms, render: 13ms)
 GET /api/wedding-image?name=Giselle%20Noronha.jpg 200 in 13ms (compile: 3ms, render: 10ms)
 GET /api/wedding-image?name=Pastor%20Mary.jpg 200 in 14ms (compile: 2ms, render: 11ms)
 GET /api/wedding-image?name=Krisha%20Marolia.jpg 200 in 12ms (compile: 2ms, render: 10ms)
 GET /api/wedding-image?name=Allen%20Paul.jpg 200 in 15ms (compile: 3ms, render: 12ms)
 GET /api/wedding-image?name=Isaiah%20Fernandes.jpg 200 in 12ms (compile: 3ms, render: 9ms)
 GET /api/wedding-image?name=Nerlin%20Peris.jpg 200 in 13ms (compile: 3ms, render: 10ms)
 GET /api/wedding-image?name=Kiara%20Noronha.jpeg 200 in 14ms (compile: 6ms, render: 8ms)
 GET / 200 in 50ms (compile: 8ms, render: 42ms)
 GET /api/wedding-image?name=name+pic.png&v=1772624863949.0823 200 in 40ms (compile: 16ms, render: 24ms)
 GET /api/wedding-image?name=Skyline+church.jpg&v=1772389924431.0286 200 in 30ms (compile: 11ms, render: 19ms)
 GET /api/wedding-image?name=couple+picture.jpg&v=1772388681292.4543 200 in 57ms (compile: 4ms, render: 52ms)
 GET / 200 in 255ms (compile: 5ms, render: 250ms)
 GET /api/wedding-image?name=logo.png 200 in 25ms (compile: 13ms, render: 11ms)
 GET /api/wedding-image?name=couple+picture.jpg&v=1772388681292.4543 200 in 46ms (compile: 4ms, render: 42ms)
 GET /api/wedding-image?name=name+pic.png&v=1772624863949.0823 200 in 43ms (compile: 4ms, render: 39ms)
 GET /api/wedding-image?name=logo.png&v=1772624585236.9583 200 in 32ms (compile: 5ms, render: 27ms)
 GET /api/wedding-image?name=Skyline+church.jpg&v=1772389924431.0286 200 in 36ms (compile: 11ms, render: 25ms)
✓ Compiled in 574ms
 GET / 200 in 795ms (compile: 157ms, render: 638ms)
 GET /photos 200 in 207ms (compile: 78ms, render: 129ms)
 GET /api/wedding-image?name=En+pic+1.jpg&v=1772200491261.471 200 in 156ms (compile: 17ms, render: 138ms)
 GET /api/wedding-image?name=En+pic+2.jpg&v=1772200495122.1804 200 in 44ms (compile: 11ms, render: 33ms)
 GET /api/wedding-image?name=En+pic+3.jpg&v=1772200491993.6292 200 in 1657ms (compile: 43ms, render: 1615ms)
 GET /api/wedding-image?name=En+pic+4.jpg&v=1772200491312.6526 200 in 1782ms (compile: 46ms, render: 1736ms)
 GET /api/wedding-image?name=En+pic+5.jpg&v=1772200496249.2603 200 in 1844ms (compile: 58ms, render: 1785ms)
 GET /api/wedding-image?name=En+pic+7.jpg&v=1772201115507.059 200 in 1985ms (compile: 67ms, render: 1918ms)
 GET /api/wedding-image?name=En+pic+6.jpg&v=1772200496146.6074 200 in 2.1s (compile: 63ms, render: 2.0s)
 GET /meet-the-couple 200 in 76ms (compile: 13ms, render: 62ms)
 GET /wedding-party 200 in 717ms (compile: 647ms, render: 70ms)
 GET /api/wedding-image?name=Gwendolyn%20Fernandes.jpg 200 in 61ms (compile: 9ms, render: 52ms)
 GET /api/wedding-image?name=Jose%20Fernandes.jpg 200 in 81ms (compile: 26ms, render: 55ms)
 GET /api/wedding-image?name=Nancy%20Paul.jpg 200 in 53ms (compile: 15ms, render: 38ms)
 GET /api/wedding-image?name=Harrison%20Paul.jpg 200 in 62ms (compile: 10ms, render: 52ms)
 GET /api/wedding-image?name=Thomas%20Noronha.jpg 200 in 61ms (compile: 21ms, render: 41ms)
 GET /api/wedding-image?name=Giselle%20Noronha.jpg 200 in 44ms (compile: 8ms, render: 36ms)
 GET /api/wedding-image?name=Pastor%20Mary.jpg 200 in 27ms (compile: 9ms, render: 18ms)
 GET /api/wedding-image?name=Krisha%20Marolia.jpg 200 in 40ms (compile: 9ms, render: 30ms)
 GET /api/wedding-image?name=Allen%20Paul.jpg 200 in 55ms (compile: 9ms, render: 46ms)
 GET /api/wedding-image?name=Nerlin%20Peris.jpg 200 in 75ms (compile: 16ms, render: 59ms)
 GET /api/wedding-image?name=Isaiah%20Fernandes.jpg 200 in 86ms (compile: 8ms, render: 78ms)
 GET /api/wedding-image?name=Kiara%20Noronha.jpeg 200 in 66ms (compile: 16ms, render: 50ms)
 GET /api/wedding-image?name=Gwendolyn%20Fernandes.jpg 200 in 77ms (compile: 28ms, render: 49ms)
✓ Compiled in 188ms
 GET /wedding-party 200 in 200ms (compile: 136ms, render: 64ms)
 GET /rsvp 200 in 29ms (compile: 6ms, render: 23ms)
 GET /meet-the-couple 200 in 33ms (compile: 5ms, render: 28ms)
✓ Compiled in 600ms
✓ Compiled in 56ms
✓ Compiled in 46ms
 GET /meet-the-couple 200 in 562ms (compile: 87ms, render: 475ms)
 GET /meet-the-couple 200 in 198ms (compile: 6ms, render: 192ms)
 GET /meet-the-couple 200 in 57ms (compile: 8ms, render: 49ms)
 GET /qa 200 in 721ms (compile: 634ms, render: 87ms)
 GET /meet-the-couple 200 in 978ms (compile: 64ms, render: 914ms)
✓ Compiled in 451ms
 GET /meet-the-couple 200 in 670ms (compile: 553ms, render: 117ms)
 GET /meet-the-couple 200 in 693ms (compile: 14ms, render: 679ms)
✓ Compiled in 116ms
 GET /meet-the-couple 200 in 442ms (compile: 339ms, render: 102ms)
✓ Compiled in 2s
 GET /meet-the-couple 200 in 2.7s (compile: 1935ms, render: 777ms)
 GET /meet-the-couple 200 in 1498ms (compile: 41ms, render: 1456ms)
✓ Compiled in 351ms
 GET /meet-the-couple 200 in 1254ms (compile: 1045ms, render: 209ms)
✓ Compiled in 239ms
 GET /meet-the-couple 200 in 1015ms (compile: 659ms, render: 356ms)
✓ Compiled in 132ms
 GET /meet-the-couple 200 in 605ms (compile: 396ms, render: 210ms)
 GET /meet-the-couple 200 in 446ms (compile: 257ms, render: 189ms)
 GET /wedding-party 200 in 181ms (compile: 36ms, render: 145ms)
 GET /api/wedding-image?name=Harrison%20Paul.jpg 200 in 212ms (compile: 106ms, render: 106ms)
 GET /api/wedding-image?name=Jose%20Fernandes.jpg 200 in 537ms (compile: 343ms, render: 195ms)
 GET /api/wedding-image?name=Thomas%20Noronha.jpg 200 in 167ms (compile: 38ms, render: 128ms)
 GET /api/wedding-image?name=Nancy%20Paul.jpg 200 in 173ms (compile: 11ms, render: 162ms)
 GET /api/wedding-image?name=Gwendolyn%20Fernandes.jpg 200 in 175ms (compile: 44ms, render: 131ms)
 GET /api/wedding-image?name=Giselle%20Noronha.jpg 200 in 177ms (compile: 69ms, render: 109ms)
 GET /api/wedding-image?name=Pastor%20Mary.jpg 200 in 73ms (compile: 11ms, render: 62ms)
 GET /api/wedding-image?name=Krisha%20Marolia.jpg 200 in 62ms (compile: 9ms, render: 53ms)
 GET /api/wedding-image?name=Allen%20Paul.jpg 200 in 60ms (compile: 23ms, render: 37ms)
 GET /api/wedding-image?name=Kiara%20Noronha.jpeg 200 in 37ms (compile: 17ms, render: 19ms)
 GET /api/wedding-image?name=Nerlin%20Peris.jpg 200 in 47ms (compile: 17ms, render: 30ms)
 GET /api/wedding-image?name=Isaiah%20Fernandes.jpg 200 in 52ms (compile: 12ms, render: 41ms)
 GET /meet-the-couple 200 in 57ms (compile: 6ms, render: 52ms)
 GET / 200 in 330ms (compile: 24ms, render: 306ms)
 GET /api/wedding-image?name=logo.png 200 in 26ms (compile: 4ms, render: 22ms)
 GET /api/wedding-image?name=couple+picture.jpg&v=1772388681292.4543 200 in 32ms (compile: 4ms, render: 27ms)
 GET /api/wedding-image?name=name+pic.png&v=1772624863949.0823 200 in 25ms (compile: 5ms, render: 21ms)
 GET /api/wedding-image?name=logo.png&v=1772624585236.9583 200 in 19ms (compile: 3ms, render: 16ms)
 GET /api/wedding-image?name=Skyline+church.jpg&v=1772389924431.0286 200 in 19ms (compile: 4ms, render: 15ms)
 GET /meet-the-couple 200 in 62ms (compile: 7ms, render: 55ms)
 GET /rsvp 200 in 48ms (compile: 9ms, render: 38ms)
 GET / 200 in 40ms (compile: 5ms, render: 35ms)
 GET /api/wedding-image?name=couple+picture.jpg&v=1772388681292.4543 200 in 22ms (compile: 4ms, render: 18ms)
 GET /api/wedding-image?name=name+pic.png&v=1772624863949.0823 200 in 125ms (compile: 17ms, render: 108ms)
 GET /api/wedding-image?name=Skyline+church.jpg&v=1772389924431.0286 200 in 83ms (compile: 21ms, render: 61ms)
 GET /photos 200 in 48ms (compile: 15ms, render: 33ms)
 GET /api/wedding-image?name=En+pic+3.jpg&v=1772200491993.6292 200 in 83ms (compile: 19ms, render: 64ms)
 GET /api/wedding-image?name=En+pic+1.jpg&v=1772200491261.471 200 in 125ms (compile: 6ms, render: 119ms)
 GET /api/wedding-image?name=En+pic+2.jpg&v=1772200495122.1804 200 in 145ms (compile: 14ms, render: 131ms)
 GET /api/wedding-image?name=En+pic+4.jpg&v=1772200491312.6526 200 in 161ms (compile: 24ms, render: 137ms)
 GET /api/wedding-image?name=En+pic+5.jpg&v=1772200496249.2603 200 in 168ms (compile: 19ms, render: 149ms)
 GET /api/wedding-image?name=En+pic+6.jpg&v=1772200496146.6074 200 in 202ms (compile: 28ms, render: 173ms)
 GET /api/wedding-image?name=En+pic+7.jpg&v=1772201115507.059 200 in 150ms (compile: 19ms, render: 131ms)
 GET /meet-the-couple 200 in 44ms (compile: 4ms, render: 41ms)
 GET /wedding-party 200 in 42ms (compile: 4ms, render: 38ms)
 GET /api/wedding-image?name=Jose%20Fernandes.jpg 200 in 8ms (compile: 1861µs, render: 6ms)
 GET /api/wedding-image?name=Gwendolyn%20Fernandes.jpg 200 in 7ms (compile: 2ms, render: 5ms)
 GET /api/wedding-image?name=Harrison%20Paul.jpg 200 in 8ms (compile: 2ms, render: 6ms)
 GET /api/wedding-image?name=Nancy%20Paul.jpg 200 in 11ms (compile: 3ms, render: 8ms)
 GET /api/wedding-image?name=Thomas%20Noronha.jpg 200 in 15ms (compile: 3ms, render: 12ms)
 GET /api/wedding-image?name=Giselle%20Noronha.jpg 200 in 10ms (compile: 3ms, render: 7ms)
 GET /api/wedding-image?name=Pastor%20Mary.jpg 200 in 22ms (compile: 3ms, render: 19ms)
 GET /api/wedding-image?name=Krisha%20Marolia.jpg 200 in 21ms (compile: 3ms, render: 17ms)
 GET /api/wedding-image?name=Allen%20Paul.jpg 200 in 10ms (compile: 3ms, render: 7ms)
 GET /api/wedding-image?name=Isaiah%20Fernandes.jpg 200 in 14ms (compile: 4ms, render: 10ms)
 GET /api/wedding-image?name=Nerlin%20Peris.jpg 200 in 10ms (compile: 4ms, render: 7ms)
 GET /api/wedding-image?name=Kiara%20Noronha.jpeg 200 in 8ms (compile: 3ms, render: 6ms)
 GET /api/wedding-image?name=Gwendolyn%20Fernandes.jpg 200 in 8ms (compile: 3ms, render: 5ms)
 GET /api/wedding-image?name=Jose%20Fernandes.jpg 200 in 13ms (compile: 3ms, render: 10ms)
 GET /qa 200 in 37ms (compile: 11ms, render: 25ms)
 GET /rsvp 200 in 23ms (compile: 4ms, render: 19ms)
 GET / 200 in 28ms (compile: 3ms, render: 26ms)
 GET /api/wedding-image?name=name+pic.png&v=1772624863949.0823 200 in 18ms (compile: 4ms, render: 14ms)
 GET /api/wedding-image?name=Skyline+church.jpg&v=1772389924431.0286 200 in 20ms (compile: 9ms, render: 11ms)
 GET /api/wedding-image?name=couple+picture.jpg&v=1772388681292.4543 200 in 44ms (compile: 2ms, render: 42ms)
 GET /meet-the-couple 200 in 33ms (compile: 3ms, render: 30ms)
 GET /wedding-party 200 in 37ms (compile: 3ms, render: 34ms)
 GET /api/wedding-image?name=Jose%20Fernandes.jpg 200 in 19ms (compile: 3ms, render: 16ms)
 GET /api/wedding-image?name=Gwendolyn%20Fernandes.jpg 200 in 14ms (compile: 3ms, render: 10ms)
 GET /api/wedding-image?name=Harrison%20Paul.jpg 200 in 18ms (compile: 3ms, render: 15ms)
 GET /api/wedding-image?name=Nancy%20Paul.jpg 200 in 13ms (compile: 3ms, render: 10ms)
 GET /api/wedding-image?name=Thomas%20Noronha.jpg 200 in 14ms (compile: 3ms, render: 11ms)
 GET /api/wedding-image?name=Giselle%20Noronha.jpg 200 in 15ms (compile: 7ms, render: 8ms)
 GET /api/wedding-image?name=Pastor%20Mary.jpg 200 in 16ms (compile: 2ms, render: 14ms)
 GET /api/wedding-image?name=Krisha%20Marolia.jpg 200 in 13ms (compile: 3ms, render: 10ms)
 GET /api/wedding-image?name=Allen%20Paul.jpg 200 in 14ms (compile: 3ms, render: 12ms)
 GET /api/wedding-image?name=Isaiah%20Fernandes.jpg 200 in 12ms (compile: 2ms, render: 10ms)
 GET /api/wedding-image?name=Nerlin%20Peris.jpg 200 in 17ms (compile: 3ms, render: 14ms)
 GET /api/wedding-image?name=Kiara%20Noronha.jpeg 200 in 12ms (compile: 3ms, render: 9ms)
 GET / 200 in 26ms (compile: 4ms, render: 22ms)
 GET /api/wedding-image?name=couple+picture.jpg&v=1772388681292.4543 200 in 21ms (compile: 3ms, render: 18ms)
 GET /api/wedding-image?name=name+pic.png&v=1772624863949.0823 200 in 12ms (compile: 4ms, render: 8ms)
 GET /api/wedding-image?name=Skyline+church.jpg&v=1772389924431.0286 200 in 12ms (compile: 3ms, render: 9ms)
 GET /meet-the-couple 200 in 31ms (compile: 3ms, render: 27ms)
 GET /wedding-party 200 in 39ms (compile: 3ms, render: 35ms)
 GET /api/wedding-image?name=Jose%20Fernandes.jpg 200 in 34ms (compile: 3ms, render: 31ms)
 GET /api/wedding-image?name=Gwendolyn%20Fernandes.jpg 200 in 28ms (compile: 4ms, render: 24ms)
 GET /api/wedding-image?name=Harrison%20Paul.jpg 200 in 29ms (compile: 9ms, render: 20ms)
 GET /api/wedding-image?name=Nancy%20Paul.jpg 200 in 31ms (compile: 14ms, render: 17ms)
 GET /api/wedding-image?name=Thomas%20Noronha.jpg 200 in 26ms (compile: 4ms, render: 22ms)
 GET /api/wedding-image?name=Giselle%20Noronha.jpg 200 in 26ms (compile: 4ms, render: 23ms)
 GET /api/wedding-image?name=Pastor%20Mary.jpg 200 in 29ms (compile: 9ms, render: 20ms)
 GET /api/wedding-image?name=Krisha%20Marolia.jpg 200 in 28ms (compile: 6ms, render: 22ms)
 GET /api/wedding-image?name=Allen%20Paul.jpg 200 in 27ms (compile: 4ms, render: 23ms)
 GET /api/wedding-image?name=Nerlin%20Peris.jpg 200 in 25ms (compile: 9ms, render: 16ms)
 GET /api/wedding-image?name=Isaiah%20Fernandes.jpg 200 in 29ms (compile: 4ms, render: 25ms)
 GET /api/wedding-image?name=Kiara%20Noronha.jpeg 200 in 14ms (compile: 3ms, render: 11ms)
 GET /qa 200 in 27ms (compile: 5ms, render: 22ms)
 GET /wedding-party 200 in 39ms (compile: 3ms, render: 36ms)
 GET /api/wedding-image?name=Jose%20Fernandes.jpg 200 in 46ms (compile: 4ms, render: 42ms)
 GET /api/wedding-image?name=Gwendolyn%20Fernandes.jpg 200 in 42ms (compile: 8ms, render: 34ms)
 GET /api/wedding-image?name=Harrison%20Paul.jpg 200 in 42ms (compile: 13ms, render: 29ms)
 GET /api/wedding-image?name=Nancy%20Paul.jpg 200 in 43ms (compile: 16ms, render: 26ms)
 GET /api/wedding-image?name=Thomas%20Noronha.jpg 200 in 44ms (compile: 20ms, render: 24ms)
 GET /api/wedding-image?name=Giselle%20Noronha.jpg 200 in 42ms (compile: 20ms, render: 22ms)
 GET /api/wedding-image?name=Pastor%20Mary.jpg 200 in 46ms (compile: 7ms, render: 39ms)
 GET /api/wedding-image?name=Krisha%20Marolia.jpg 200 in 47ms (compile: 12ms, render: 35ms)
 GET /api/wedding-image?name=Allen%20Paul.jpg 200 in 50ms (compile: 18ms, render: 32ms)
 GET /api/wedding-image?name=Nerlin%20Peris.jpg 200 in 50ms (compile: 28ms, render: 22ms)
 GET /api/wedding-image?name=Isaiah%20Fernandes.jpg 200 in 54ms (compile: 24ms, render: 30ms)
 GET /api/wedding-image?name=Kiara%20Noronha.jpeg 200 in 23ms (compile: 5ms, render: 18ms)
 GET / 200 in 24ms (compile: 3ms, render: 21ms)
 GET /api/wedding-image?name=name+pic.png&v=1772624863949.0823 200 in 21ms (compile: 5ms, render: 16ms)
 GET /api/wedding-image?name=Skyline+church.jpg&v=1772389924431.0286 200 in 23ms (compile: 10ms, render: 13ms)
 GET /api/wedding-image?name=couple+picture.jpg&v=1772388681292.4543 200 in 128ms (compile: 6ms, render: 121ms)
✓ Compiled in 264ms
✓ Compiled in 608ms
✓ Compiled in 1066ms
 GET / 200 in 2.2s (compile: 242ms, render: 1994ms)
 GET / 200 in 477ms (compile: 42ms, render: 435ms)
 GET / 200 in 346ms (compile: 15ms, render: 331ms)
 GET / 200 in 253ms (compile: 9ms, render: 243ms)
 GET / 200 in 187ms (compile: 25ms, render: 162ms)
 GET / 200 in 117ms (compile: 7ms, render: 111ms)
 GET / 200 in 61ms (compile: 8ms, render: 53ms)
 GET / 200 in 258ms (compile: 7ms, render: 251ms)
 GET / 200 in 92ms (compile: 5ms, render: 87ms)
 GET /api/wedding-image?name=logo.png 200 in 227ms (compile: 24ms, render: 203ms)
 GET /api/wedding-image?name=couple+picture.jpg&v=1772388681292.4543 200 in 55ms (compile: 21ms, render: 34ms)
 GET /api/wedding-image?name=logo.png&v=1772624585236.9583 200 in 30ms (compile: 15ms, render: 14ms)
 GET /api/wedding-image?name=name+pic.png&v=1772624863949.0823 200 in 39ms (compile: 8ms, render: 31ms)
 GET /api/wedding-image?name=Skyline+church.jpg&v=1772389924431.0286 200 in 31ms (compile: 11ms, render: 20ms)
 GET /photos 200 in 148ms (compile: 56ms, render: 92ms)
 GET /api/wedding-image?name=En+pic+1.jpg&v=1772200491261.471 200 in 391ms (compile: 7ms, render: 385ms)
 GET /api/wedding-image?name=En+pic+4.jpg&v=1772200491312.6526 200 in 423ms (compile: 17ms, render: 406ms)
 GET /api/wedding-image?name=En+pic+2.jpg&v=1772200495122.1804 200 in 493ms (compile: 17ms, render: 476ms)
 GET /api/wedding-image?name=En+pic+5.jpg&v=1772200496249.2603 200 in 530ms (compile: 26ms, render: 504ms)
 GET /api/wedding-image?name=En+pic+3.jpg&v=1772200491993.6292 200 in 608ms (compile: 9ms, render: 600ms)
 GET /api/wedding-image?name=En+pic+6.jpg&v=1772200496146.6074 200 in 2.3s (compile: 40ms, render: 2.2s)
 GET / 200 in 1494ms (compile: 71ms, render: 1423ms)
 GET /api/wedding-image?name=En+pic+7.jpg&v=1772201115507.059 200 in 1508ms (compile: 374ms, render: 1134ms)
 GET /api/wedding-image?name=name+pic.png&v=1772624863949.0823 200 in 40ms (compile: 7ms, render: 33ms)
 GET /api/wedding-image?name=Skyline+church.jpg&v=1772389924431.0286 200 in 21ms (compile: 5ms, render: 17ms)
 GET /api/wedding-image?name=couple+picture.jpg&v=1772388681292.4543 200 in 90ms (compile: 7ms, render: 83ms)
 GET /rsvp 200 in 51ms (compile: 18ms, render: 33ms)
[RSVP][f48401f3-a044-4beb-b1f4-083d8682667d] Incoming submission
[RSVP][f48401f3-a044-4beb-b1f4-083d8682667d] Appending row to "RSVP"
[RSVP][f48401f3-a044-4beb-b1f4-083d8682667d] Submission stored successfully
 POST /api/rsvp 200 in 3.4s (compile: 2.3s, render: 1171ms)
✓ Compiled in 216ms
○ Compiling /_error ...
 GET /api/wedding-image?name=Skyline+church.jpg&v=1772389924431.0286 500 in 4.0s (compile: 3.7s, render: 268ms)
 GET /api/wedding-image?name=couple+picture.jpg&v=1772388681292.4543 500 in 4.0s (compile: 4.0s, render: 33ms)
 GET /api/wedding-image?name=name+pic.png&v=1772624863949.0823 500 in 4.0s (compile: 4.0s, render: 18ms)
 GET / 500 in 28ms (compile: 16ms, render: 13ms)
 GET / 500 in 24ms (compile: 11ms, render: 13ms)
 GET / 500 in 27ms (compile: 11ms, render: 16ms)
 GET / 500 in 24ms (compile: 11ms, render: 14ms)
